Arguments: 
  /usr/local/bin/node /usr/local/bin/yarn install --ignore-platform

PATH: 
  /home/charles/.cargo/bin:/home/charles/bin:/home/charles/.local/bin:/usr/local/sbin:/usr/local/bin:/usr/sbin:/usr/bin:/sbin:/bin:/usr/games:/usr/local/games:/snap/bin

Yarn version: 
  0.24.5

Node version: 
  7.10.0

Platform: 
  linux x64

npm manifest: 
  {
    "name": "web",
    "version": "0.1.0",
    "private": true,
    "dependencies": {
      "@types/jest": "^20.0.7",
      "@types/jquery": "^3.2.14",
      "@types/node": "^8.0.22",
      "@types/react": "16.0.0",
      "@types/react-dom": "16.0.0",
      "@types/react-router-dom": "^4.2.0",
      "fsevents": "^1.1.2",
      "jquery": "^3.2.1",
      "js-file-download": "^0.4.1",
      "react": "^16.0.0",
      "react-cookie": "^2.1.1",
      "react-dom": "^16.0.0",
      "react-portal": "^4.0.0",
      "react-redux": "^5.0.6",
      "react-router": "^4.2.0",
      "react-router-dom": "^4.2.2",
      "react-scripts-ts": "2.6.0",
      "redux": "^3.7.2",
      "redux-form": "6.0.0-rc.3",
      "redux-thunk": "^2.2.0",
      "tslint": "^5.7.0"
    },
    "scripts": {
      "start": "react-scripts-ts start",
      "build": "react-scripts-ts build",
      "test": "react-scripts-ts test --env=jsdom",
      "eject": "react-scripts-ts eject"
    },
    "proxy": {
      "/api": {
        "target": "http://api_server:3001/",
        "ws": true
      }
    },
    "devDependencies": {
      "prettier": "^1.5.3",
      "tslint-config-prettier": "^1.3.0"
    }
  }

yarn manifest: 
  No manifest

Lockfile: 
  No lockfile

Trace: 
  Error: EPERM: operation not permitted, utime '/home/charles/rust_projects/drive/web/node_modules/@types/history/DOMUtils.d.ts'
